<?xml version="1.0" encoding="UTF-8"?>
<!-- Generated by org.testng.reporters.JUnitXMLReporter -->
<testsuite ignored="0" hostname="DESKTOP-0UE9EKQ" failures="0" tests="60" name="Default test" time="107.875" errors="0" timestamp="2025-03-29T16:39:26 IST">
  <testcase classname="testBase.Login_Page_test" name="loginTest001" time="1.245"/>
  <testcase classname="testBase.Login_Page_test" name="loginTest002" time="1.93"/>
  <testcase classname="testBase.Login_Page_test" name="loginTest003" time="0.753"/>
  <testcase classname="testBase.Login_Page_test" name="loginTest1004" time="1.501"/>
  <testcase classname="testBase.Login_Page_test" name="logoTest005" time="0.61"/>
  <testcase classname="testBase.Login_Page_test" name="forgetpasstest007" time="0.649"/>
  <testcase classname="testBase.Login_Page_test" name="forgetpasscancelTest008" time="0.999"/>
  <testcase classname="testBase.Login_Page_test" name="forgetpasssentest009" time="2.685"/>
  <testcase classname="testBase.Login_Page_test" name="loginTest010" time="1.239"/>
  <testcase classname="testBase.Login_Page_test" name="loginTest010" time="1.644"/>
  <testcase classname="testBase.Login_Page_test" name="loginTest010" time="1.72"/>
  <testcase classname="testBase.Login_Page_test" name="loginTest010" time="1.614"/>
  <testcase classname="testBase.Login_Page_test" name="loginTest010" time="1.62"/>
  <testcase classname="testBase.Login_Page_test" name="loginTest010" time="1.624"/>
  <testcase classname="testBase.Login_Page_test" name="loginTest010" time="1.637"/>
  <testcase classname="testBase.Login_Page_test" name="loginTest010" time="1.568"/>
  <testcase classname="testBase.Login_Page_test" name="loginTest010" time="1.62"/>
  <testcase classname="testBase.Login_Page_test" name="loginTest010" time="1.599"/>
  <testcase classname="testBase.Login_Page_test" name="loginTest010" time="1.542"/>
  <testcase classname="testBase.Login_Page_test" name="loginTest010" time="1.625"/>
  <testcase classname="testBase.Login_Page_test" name="loginTest010" time="1.59"/>
  <testcase classname="testBase.Login_Page_test" name="loginTest010" time="1.622"/>
  <testcase classname="testBase.Login_Page_test" name="loginTest010" time="1.596"/>
  <testcase classname="testBase.Login_Page_test" name="loginTest010" time="0.742"/>
  <testcase classname="testBase.Login_Page_test" name="loginTest010" time="2.365"/>
  <testcase classname="testBase.Login_Page_test" name="loginTest010" time="1.6"/>
  <testcase classname="testBase.Login_Page_test" name="loginTest010" time="2.14"/>
  <testcase classname="testBase.Login_Page_test" name="loginTest010" time="1.692"/>
  <testcase classname="testBase.Login_Page_test" name="loginTest010" time="1.766"/>
  <testcase classname="testBase.Login_Page_test" name="loginTest010" time="1.602"/>
  <testcase classname="testBase.Login_Page_test" name="loginTest010" time="1.641"/>
  <testcase classname="testBase.Login_Page_test" name="loginTest010" time="1.583"/>
  <testcase classname="testBase.Login_Page_test" name="loginTest010" time="1.637"/>
  <testcase classname="testBase.Login_Page_test" name="loginTest010" time="1.703"/>
  <testcase classname="testBase.Login_Page_test" name="loginTest010" time="1.923"/>
  <testcase classname="testBase.Login_Page_test" name="loginTest010" time="1.643"/>
  <testcase classname="testBase.Login_Page_test" name="loginTest010" time="2.361"/>
  <testcase classname="testBase.Login_Page_test" name="loginTest010" time="1.955"/>
  <testcase classname="testBase.Login_Page_test" name="loginTest010" time="1.909"/>
  <testcase classname="testBase.Login_Page_test" name="loginTest010" time="1.972"/>
  <testcase classname="testBase.Login_Page_test" name="loginTest010" time="1.809"/>
  <testcase classname="testBase.Login_Page_test" name="loginTest010" time="1.637"/>
  <testcase classname="testBase.Login_Page_test" name="loginTest010" time="1.651"/>
  <testcase classname="testBase.Login_Page_test" name="loginTest010" time="1.614"/>
  <testcase classname="testBase.Login_Page_test" name="loginTest010" time="1.618"/>
  <testcase classname="testBase.Login_Page_test" name="loginTest010" time="1.762"/>
  <testcase classname="testBase.Login_Page_test" name="loginTest010" time="1.661"/>
  <testcase classname="testBase.Login_Page_test" name="loginTest010" time="1.776"/>
  <testcase classname="testBase.Login_Page_test" name="loginTest010" time="1.61"/>
  <testcase classname="testBase.Login_Page_test" name="loginTest010" time="1.573"/>
  <testcase classname="testBase.Login_Page_test" name="loginTest010" time="1.7"/>
  <testcase classname="testBase.Login_Page_test" name="loginTest010" time="1.6"/>
  <testcase classname="testBase.Login_Page_test" name="loginTest010" time="1.593"/>
  <testcase classname="testBase.Login_Page_test" name="loginTest010" time="1.658"/>
  <testcase classname="testBase.Login_Page_test" name="loginTest010" time="1.619"/>
  <testcase classname="testBase.Login_Page_test" name="loginTest010" time="1.564"/>
  <testcase classname="testBase.Login_Page_test" name="loginTest010" time="1.605"/>
  <testcase classname="testBase.Login_Page_test" name="loginTest010" time="1.887"/>
  <testcase classname="testBase.Login_Page_test" name="loginTest010" time="1.846"/>
  <testcase classname="testBase.Login_Page_test" name="loginTest010" time="2.576"/>
</testsuite> <!-- Default test -->
