<?xml version="1.0" encoding="UTF-8"?>
<!-- Generated by org.testng.reporters.JUnitReportReporter -->
<testsuite hostname="DESKTOP-0UE9EKQ" failures="0" tests="9" name="testbase.Login_Page_test" time="13.616" errors="0" timestamp="2024-11-17T17:40:51 IST" skipped="0">
  <testcase classname="testbase.Login_Page_test" name="loginTest001" time="1.282"/>
  <testcase classname="testbase.Login_Page_test" name="loginTest002" time="1.590"/>
  <testcase classname="testbase.Login_Page_test" name="loginTest003" time="0.747"/>
  <testcase classname="testbase.Login_Page_test" name="loginTest1004" time="1.703"/>
  <testcase classname="testbase.Login_Page_test" name="logoTest005" time="0.669"/>
  <testcase classname="testbase.Login_Page_test" name="forgetpasstest007" time="0.691"/>
  <testcase classname="testbase.Login_Page_test" name="forgetpasscancelTest008" time="1.192"/>
  <testcase classname="testbase.Login_Page_test" name="forgetpasssentest009" time="3.650"/>
  <testcase classname="testbase.Login_Page_test" name="loginTest010" time="2.092"/>
</testsuite> <!-- testbase.Login_Page_test -->
